<?xml version="1.0" encoding="UTF-8"?>
<!-- Generated by org.testng.reporters.JUnitXMLReporter -->
<testsuite hostname="Exjustice" ignored="0" name="Rozetka Tests" tests="9" failures="7" timestamp="2025-06-01T22:49:19 EEST" time="53.657" errors="0">
  <testcase name="testCategoriesMenuVisible" time="0.534" classname="com.rozetka.tests.HomePageTest">
    <failure type="org.openqa.selenium.NoSuchElementException" message="Unable to locate element: ul.menu-categories
For documentation on this error, please visit: https://selenium.dev/exceptions/#no_such_element
Build info: version: &amp;apos;4.1.4&amp;apos;, revision: &amp;apos;535d840ee2&amp;apos;
System info: host: &amp;apos;EXJUSTICE&amp;apos;, ip: &amp;apos;192.168.0.102&amp;apos;, os.name: &amp;apos;Windows 10&amp;apos;, os.arch: &amp;apos;amd64&amp;apos;, os.version: &amp;apos;10.0&amp;apos;, java.version: &amp;apos;1.8.0_202&amp;apos;
Driver info: org.openqa.selenium.firefox.FirefoxDriver
Command: [edd8f625-bef5-4512-9e4f-e1733425f31b, findElement {using=css selector, value=ul.menu-categories}]
Capabilities {acceptInsecureCerts: true, browserName: firefox, browserVersion: 140.0, javascriptEnabled: true, moz:accessibilityChecks: false, moz:buildID: 20250530091050, moz:geckodriverVersion: 0.36.0, moz:headless: false, moz:platformVersion: 10.0, moz:processID: 59412, moz:profile: C:\Users\andre\AppData\Loca..., moz:shutdownTimeout: 60000, moz:webdriverClick: true, moz:windowless: false, pageLoadStrategy: normal, platform: WINDOWS, platformName: WINDOWS, proxy: Proxy(), setWindowRect: true, strictFileInteractability: false, timeouts: {implicit: 0, pageLoad: 300000, script: 30000}, unhandledPromptBehavior: dismiss and notify, userAgent: Mozilla/5.0 (Windows NT 10....}
Session ID: edd8f625-bef5-4512-9e4f-e1733425f31b">
      <![CDATA[org.openqa.selenium.NoSuchElementException: Unable to locate element: ul.menu-categories
For documentation on this error, please visit: https://selenium.dev/exceptions/#no_such_element
Build info: version: '4.1.4', revision: '535d840ee2'
System info: host: 'EXJUSTICE', ip: '192.168.0.102', os.name: 'Windows 10', os.arch: 'amd64', os.version: '10.0', java.version: '1.8.0_202'
Driver info: org.openqa.selenium.firefox.FirefoxDriver
Command: [edd8f625-bef5-4512-9e4f-e1733425f31b, findElement {using=css selector, value=ul.menu-categories}]
Capabilities {acceptInsecureCerts: true, browserName: firefox, browserVersion: 140.0, javascriptEnabled: true, moz:accessibilityChecks: false, moz:buildID: 20250530091050, moz:geckodriverVersion: 0.36.0, moz:headless: false, moz:platformVersion: 10.0, moz:processID: 59412, moz:profile: C:\Users\andre\AppData\Loca..., moz:shutdownTimeout: 60000, moz:webdriverClick: true, moz:windowless: false, pageLoadStrategy: normal, platform: WINDOWS, platformName: WINDOWS, proxy: Proxy(), setWindowRect: true, strictFileInteractability: false, timeouts: {implicit: 0, pageLoad: 300000, script: 30000}, unhandledPromptBehavior: dismiss and notify, userAgent: Mozilla/5.0 (Windows NT 10....}
Session ID: edd8f625-bef5-4512-9e4f-e1733425f31b
at org.openqa.selenium.remote.codec.w3c.W3CHttpResponseCodec.createException(W3CHttpResponseCodec.java:200)
at org.openqa.selenium.remote.codec.w3c.W3CHttpResponseCodec.decode(W3CHttpResponseCodec.java:133)
at org.openqa.selenium.remote.codec.w3c.W3CHttpResponseCodec.decode(W3CHttpResponseCodec.java:53)
at org.openqa.selenium.remote.HttpCommandExecutor.execute(HttpCommandExecutor.java:184)
at org.openqa.selenium.remote.service.DriverCommandExecutor.invokeExecute(DriverCommandExecutor.java:167)
at org.openqa.selenium.remote.service.DriverCommandExecutor.execute(DriverCommandExecutor.java:142)
at org.openqa.selenium.remote.RemoteWebDriver.execute(RemoteWebDriver.java:567)
at org.openqa.selenium.remote.ElementLocation$ElementFinder$2.findElement(ElementLocation.java:162)
at org.openqa.selenium.remote.ElementLocation.findElement(ElementLocation.java:60)
at org.openqa.selenium.remote.RemoteWebDriver.findElement(RemoteWebDriver.java:385)
at org.openqa.selenium.remote.RemoteWebDriver.findElement(RemoteWebDriver.java:377)
at org.openqa.selenium.support.pagefactory.DefaultElementLocator.findElement(DefaultElementLocator.java:70)
at org.openqa.selenium.support.pagefactory.internal.LocatingElementHandler.invoke(LocatingElementHandler.java:39)
at com.sun.proxy.$Proxy12.isDisplayed(Unknown Source)
at com.rozetka.pages.HomePage.isCategoriesMenuDisplayed(HomePage.java:52)
at com.rozetka.tests.HomePageTest.testCategoriesMenuVisible(HomePageTest.java:26)
at java.util.ArrayList.forEach(ArrayList.java:1257)
... Removed 35 stack frames]]>
    </failure>
  </testcase> <!-- testCategoriesMenuVisible -->
  <testcase name="testHomePageTitle" time="0.005" classname="com.rozetka.tests.HomePageTest"/>
  <testcase name="testSearchFieldVisible" time="0.022" classname="com.rozetka.tests.HomePageTest"/>
  <testcase name="testEmptySearch" time="1.599" classname="com.rozetka.tests.SearchTest">
    <failure type="org.openqa.selenium.NoSuchElementException" message="Unable to locate element: div.search-empty
For documentation on this error, please visit: https://selenium.dev/exceptions/#no_such_element
Build info: version: &amp;apos;4.1.4&amp;apos;, revision: &amp;apos;535d840ee2&amp;apos;
System info: host: &amp;apos;EXJUSTICE&amp;apos;, ip: &amp;apos;192.168.0.102&amp;apos;, os.name: &amp;apos;Windows 10&amp;apos;, os.arch: &amp;apos;amd64&amp;apos;, os.version: &amp;apos;10.0&amp;apos;, java.version: &amp;apos;1.8.0_202&amp;apos;
Driver info: org.openqa.selenium.firefox.FirefoxDriver
Command: [9a8bd394-cfe3-4bd4-8db4-fa9c596c6281, findElement {using=css selector, value=div.search-empty}]
Capabilities {acceptInsecureCerts: true, browserName: firefox, browserVersion: 140.0, javascriptEnabled: true, moz:accessibilityChecks: false, moz:buildID: 20250530091050, moz:geckodriverVersion: 0.36.0, moz:headless: false, moz:platformVersion: 10.0, moz:processID: 48736, moz:profile: C:\Users\andre\AppData\Loca..., moz:shutdownTimeout: 60000, moz:webdriverClick: true, moz:windowless: false, pageLoadStrategy: normal, platform: WINDOWS, platformName: WINDOWS, proxy: Proxy(), setWindowRect: true, strictFileInteractability: false, timeouts: {implicit: 0, pageLoad: 300000, script: 30000}, unhandledPromptBehavior: dismiss and notify, userAgent: Mozilla/5.0 (Windows NT 10....}
Session ID: 9a8bd394-cfe3-4bd4-8db4-fa9c596c6281">
      <![CDATA[org.openqa.selenium.NoSuchElementException: Unable to locate element: div.search-empty
For documentation on this error, please visit: https://selenium.dev/exceptions/#no_such_element
Build info: version: '4.1.4', revision: '535d840ee2'
System info: host: 'EXJUSTICE', ip: '192.168.0.102', os.name: 'Windows 10', os.arch: 'amd64', os.version: '10.0', java.version: '1.8.0_202'
Driver info: org.openqa.selenium.firefox.FirefoxDriver
Command: [9a8bd394-cfe3-4bd4-8db4-fa9c596c6281, findElement {using=css selector, value=div.search-empty}]
Capabilities {acceptInsecureCerts: true, browserName: firefox, browserVersion: 140.0, javascriptEnabled: true, moz:accessibilityChecks: false, moz:buildID: 20250530091050, moz:geckodriverVersion: 0.36.0, moz:headless: false, moz:platformVersion: 10.0, moz:processID: 48736, moz:profile: C:\Users\andre\AppData\Loca..., moz:shutdownTimeout: 60000, moz:webdriverClick: true, moz:windowless: false, pageLoadStrategy: normal, platform: WINDOWS, platformName: WINDOWS, proxy: Proxy(), setWindowRect: true, strictFileInteractability: false, timeouts: {implicit: 0, pageLoad: 300000, script: 30000}, unhandledPromptBehavior: dismiss and notify, userAgent: Mozilla/5.0 (Windows NT 10....}
Session ID: 9a8bd394-cfe3-4bd4-8db4-fa9c596c6281
at org.openqa.selenium.remote.codec.w3c.W3CHttpResponseCodec.createException(W3CHttpResponseCodec.java:200)
at org.openqa.selenium.remote.codec.w3c.W3CHttpResponseCodec.decode(W3CHttpResponseCodec.java:133)
at org.openqa.selenium.remote.codec.w3c.W3CHttpResponseCodec.decode(W3CHttpResponseCodec.java:53)
at org.openqa.selenium.remote.HttpCommandExecutor.execute(HttpCommandExecutor.java:184)
at org.openqa.selenium.remote.service.DriverCommandExecutor.invokeExecute(DriverCommandExecutor.java:167)
at org.openqa.selenium.remote.service.DriverCommandExecutor.execute(DriverCommandExecutor.java:142)
at org.openqa.selenium.remote.RemoteWebDriver.execute(RemoteWebDriver.java:567)
at org.openqa.selenium.remote.ElementLocation$ElementFinder$2.findElement(ElementLocation.java:162)
at org.openqa.selenium.remote.ElementLocation.findElement(ElementLocation.java:60)
at org.openqa.selenium.remote.RemoteWebDriver.findElement(RemoteWebDriver.java:385)
at org.openqa.selenium.remote.RemoteWebDriver.findElement(RemoteWebDriver.java:377)
at org.openqa.selenium.support.pagefactory.DefaultElementLocator.findElement(DefaultElementLocator.java:70)
at org.openqa.selenium.support.pagefactory.internal.LocatingElementHandler.invoke(LocatingElementHandler.java:39)
at com.sun.proxy.$Proxy12.isDisplayed(Unknown Source)
at com.rozetka.pages.SearchResultsPage.isSearchResultsMessageDisplayed(SearchResultsPage.java:33)
at com.rozetka.tests.SearchTest.testEmptySearch(SearchTest.java:28)
at java.util.ArrayList.forEach(ArrayList.java:1257)
... Removed 35 stack frames]]>
    </failure>
  </testcase> <!-- testEmptySearch -->
  <testcase name="testSearchForProduct" time="0.163" classname="com.rozetka.tests.SearchTest">
    <failure type="org.openqa.selenium.ElementClickInterceptedException" message="Element &amp;lt;button class=&amp;quot;button button_color_green button_size_medium search-form__submit&amp;quot;&amp;gt; is not clickable at point (1029,64) because another element &amp;lt;iframe src=&amp;quot;https://accounts.google.com/gsi/iframe/select?client_id=5458514456-8gm2oc3quosun7cj5p56nmiurcv7npjn.apps.googleusercontent.com&amp;amp;ux_mode=popup&amp;amp;ui_mode=card&amp;amp;as=HuIbTlNZNuY5pofj6sxE2epMbmXE0yX3AsAZvIZqwBE&amp;amp;is_itp=true&amp;amp;channel_id=3b781dcceb7a98affc8d2bf2dc0a97bc9817cecf0a0d964933b03a5a2678c1e2&amp;amp;origin=https%3A%2F%2Frozetka.com.ua&amp;amp;oauth2_auth_url=https%3A%2F%2Faccounts.google.com%2Fo%2Foauth2%2Fv2%2Fauth&amp;quot;&amp;gt; obscures it
Build info: version: &amp;apos;4.1.4&amp;apos;, revision: &amp;apos;535d840ee2&amp;apos;
System info: host: &amp;apos;EXJUSTICE&amp;apos;, ip: &amp;apos;192.168.0.102&amp;apos;, os.name: &amp;apos;Windows 10&amp;apos;, os.arch: &amp;apos;amd64&amp;apos;, os.version: &amp;apos;10.0&amp;apos;, java.version: &amp;apos;1.8.0_202&amp;apos;
Driver info: org.openqa.selenium.firefox.FirefoxDriver
Command: [9a8bd394-cfe3-4bd4-8db4-fa9c596c6281, clickElement {id=2b11cd3e-f06b-4489-ab9e-a92e075a734e}]
Capabilities {acceptInsecureCerts: true, browserName: firefox, browserVersion: 140.0, javascriptEnabled: true, moz:accessibilityChecks: false, moz:buildID: 20250530091050, moz:geckodriverVersion: 0.36.0, moz:headless: false, moz:platformVersion: 10.0, moz:processID: 48736, moz:profile: C:\Users\andre\AppData\Loca..., moz:shutdownTimeout: 60000, moz:webdriverClick: true, moz:windowless: false, pageLoadStrategy: normal, platform: WINDOWS, platformName: WINDOWS, proxy: Proxy(), setWindowRect: true, strictFileInteractability: false, timeouts: {implicit: 0, pageLoad: 300000, script: 30000}, unhandledPromptBehavior: dismiss and notify, userAgent: Mozilla/5.0 (Windows NT 10....}
Element: [[FirefoxDriver: firefox on WINDOWS (9a8bd394-cfe3-4bd4-8db4-fa9c596c6281)] -&amp;gt; css selector: button.search-form__submit]
Session ID: 9a8bd394-cfe3-4bd4-8db4-fa9c596c6281">
      <![CDATA[org.openqa.selenium.ElementClickInterceptedException: Element <button class="button button_color_green button_size_medium search-form__submit"> is not clickable at point (1029,64) because another element <iframe src="https://accounts.google.com/gsi/iframe/select?client_id=5458514456-8gm2oc3quosun7cj5p56nmiurcv7npjn.apps.googleusercontent.com&ux_mode=popup&ui_mode=card&as=HuIbTlNZNuY5pofj6sxE2epMbmXE0yX3AsAZvIZqwBE&is_itp=true&channel_id=3b781dcceb7a98affc8d2bf2dc0a97bc9817cecf0a0d964933b03a5a2678c1e2&origin=https%3A%2F%2Frozetka.com.ua&oauth2_auth_url=https%3A%2F%2Faccounts.google.com%2Fo%2Foauth2%2Fv2%2Fauth"> obscures it
Build info: version: '4.1.4', revision: '535d840ee2'
System info: host: 'EXJUSTICE', ip: '192.168.0.102', os.name: 'Windows 10', os.arch: 'amd64', os.version: '10.0', java.version: '1.8.0_202'
Driver info: org.openqa.selenium.firefox.FirefoxDriver
Command: [9a8bd394-cfe3-4bd4-8db4-fa9c596c6281, clickElement {id=2b11cd3e-f06b-4489-ab9e-a92e075a734e}]
Capabilities {acceptInsecureCerts: true, browserName: firefox, browserVersion: 140.0, javascriptEnabled: true, moz:accessibilityChecks: false, moz:buildID: 20250530091050, moz:geckodriverVersion: 0.36.0, moz:headless: false, moz:platformVersion: 10.0, moz:processID: 48736, moz:profile: C:\Users\andre\AppData\Loca..., moz:shutdownTimeout: 60000, moz:webdriverClick: true, moz:windowless: false, pageLoadStrategy: normal, platform: WINDOWS, platformName: WINDOWS, proxy: Proxy(), setWindowRect: true, strictFileInteractability: false, timeouts: {implicit: 0, pageLoad: 300000, script: 30000}, unhandledPromptBehavior: dismiss and notify, userAgent: Mozilla/5.0 (Windows NT 10....}
Element: [[FirefoxDriver: firefox on WINDOWS (9a8bd394-cfe3-4bd4-8db4-fa9c596c6281)] -> css selector: button.search-form__submit]
Session ID: 9a8bd394-cfe3-4bd4-8db4-fa9c596c6281
at org.openqa.selenium.remote.codec.w3c.W3CHttpResponseCodec.createException(W3CHttpResponseCodec.java:200)
at org.openqa.selenium.remote.codec.w3c.W3CHttpResponseCodec.decode(W3CHttpResponseCodec.java:133)
at org.openqa.selenium.remote.codec.w3c.W3CHttpResponseCodec.decode(W3CHttpResponseCodec.java:53)
at org.openqa.selenium.remote.HttpCommandExecutor.execute(HttpCommandExecutor.java:184)
at org.openqa.selenium.remote.service.DriverCommandExecutor.invokeExecute(DriverCommandExecutor.java:167)
at org.openqa.selenium.remote.service.DriverCommandExecutor.execute(DriverCommandExecutor.java:142)
at org.openqa.selenium.remote.RemoteWebDriver.execute(RemoteWebDriver.java:567)
at org.openqa.selenium.remote.RemoteWebElement.execute(RemoteWebElement.java:251)
at org.openqa.selenium.remote.RemoteWebElement.click(RemoteWebElement.java:77)
at org.openqa.selenium.support.pagefactory.internal.LocatingElementHandler.invoke(LocatingElementHandler.java:52)
at com.sun.proxy.$Proxy12.click(Unknown Source)
at com.rozetka.pages.BasePage.click(BasePage.java:26)
at com.rozetka.pages.HomePage.searchForProduct(HomePage.java:29)
at com.rozetka.tests.SearchTest.testSearchForProduct(SearchTest.java:15)
at java.util.ArrayList.forEach(ArrayList.java:1257)
... Removed 39 stack frames]]>
    </failure>
  </testcase> <!-- testSearchForProduct -->
  <testcase name="testAddToCart" time="12.256" classname="com.rozetka.tests.ProductTest">
    <failure type="org.openqa.selenium.TimeoutException" message="Expected condition failed: waiting for visibility of Proxy element for: DefaultElementLocator &amp;apos;By.cssSelector: a.goods-tile__picture:first-child&amp;apos; (tried for 10 second(s) with 500 milliseconds interval)">
      <![CDATA[org.openqa.selenium.TimeoutException: Expected condition failed: waiting for visibility of Proxy element for: DefaultElementLocator 'By.cssSelector: a.goods-tile__picture:first-child' (tried for 10 second(s) with 500 milliseconds interval)
at org.openqa.selenium.support.ui.WebDriverWait.timeoutException(WebDriverWait.java:87)
at org.openqa.selenium.support.ui.FluentWait.until(FluentWait.java:231)
at com.rozetka.pages.BasePage.waitForVisibility(BasePage.java:21)
at com.rozetka.pages.BasePage.click(BasePage.java:25)
at com.rozetka.pages.SearchResultsPage.openFirstProduct(SearchResultsPage.java:40)
at com.rozetka.tests.ProductTest.testAddToCart(ProductTest.java:36)
at java.util.ArrayList.forEach(ArrayList.java:1257)
Caused by: org.openqa.selenium.NoSuchElementException: Unable to locate element: a.goods-tile__picture:first-child
For documentation on this error, please visit: https://selenium.dev/exceptions/#no_such_element
Build info: version: '4.1.4', revision: '535d840ee2'
System info: host: 'EXJUSTICE', ip: '192.168.0.102', os.name: 'Windows 10', os.arch: 'amd64', os.version: '10.0', java.version: '1.8.0_202'
Driver info: org.openqa.selenium.firefox.FirefoxDriver
Command: [c4af70b2-952f-4710-bb24-c446a3ec9dc2, findElement {using=css selector, value=a.goods-tile__picture:first-child}]
Capabilities {acceptInsecureCerts: true, browserName: firefox, browserVersion: 140.0, javascriptEnabled: true, moz:accessibilityChecks: false, moz:buildID: 20250530091050, moz:geckodriverVersion: 0.36.0, moz:headless: false, moz:platformVersion: 10.0, moz:processID: 61900, moz:profile: C:\Users\andre\AppData\Loca..., moz:shutdownTimeout: 60000, moz:webdriverClick: true, moz:windowless: false, pageLoadStrategy: normal, platform: WINDOWS, platformName: WINDOWS, proxy: Proxy(), setWindowRect: true, strictFileInteractability: false, timeouts: {implicit: 0, pageLoad: 300000, script: 30000}, unhandledPromptBehavior: dismiss and notify, userAgent: Mozilla/5.0 (Windows NT 10....}
Session ID: c4af70b2-952f-4710-bb24-c446a3ec9dc2
at org.openqa.selenium.remote.codec.w3c.W3CHttpResponseCodec.createException(W3CHttpResponseCodec.java:200)
at org.openqa.selenium.remote.codec.w3c.W3CHttpResponseCodec.decode(W3CHttpResponseCodec.java:133)
at org.openqa.selenium.remote.codec.w3c.W3CHttpResponseCodec.decode(W3CHttpResponseCodec.java:53)
at org.openqa.selenium.remote.HttpCommandExecutor.execute(HttpCommandExecutor.java:184)
at org.openqa.selenium.remote.service.DriverCommandExecutor.invokeExecute(DriverCommandExecutor.java:167)
at org.openqa.selenium.remote.service.DriverCommandExecutor.execute(DriverCommandExecutor.java:142)
at org.openqa.selenium.remote.RemoteWebDriver.execute(RemoteWebDriver.java:567)
at org.openqa.selenium.remote.ElementLocation$ElementFinder$2.findElement(ElementLocation.java:162)
at org.openqa.selenium.remote.ElementLocation.findElement(ElementLocation.java:60)
at org.openqa.selenium.remote.RemoteWebDriver.findElement(RemoteWebDriver.java:385)
at org.openqa.selenium.remote.RemoteWebDriver.findElement(RemoteWebDriver.java:377)
at org.openqa.selenium.support.pagefactory.DefaultElementLocator.findElement(DefaultElementLocator.java:70)
at org.openqa.selenium.support.pagefactory.internal.LocatingElementHandler.invoke(LocatingElementHandler.java:39)
at com.sun.proxy.$Proxy12.isDisplayed(Unknown Source)
at org.openqa.selenium.support.ui.ExpectedConditions.elementIfVisible(ExpectedConditions.java:307)
at org.openqa.selenium.support.ui.ExpectedConditions.access$000(ExpectedConditions.java:40)
at org.openqa.selenium.support.ui.ExpectedConditions$10.apply(ExpectedConditions.java:293)
at org.openqa.selenium.support.ui.ExpectedConditions$10.apply(ExpectedConditions.java:290)
at org.openqa.selenium.support.ui.FluentWait.until(FluentWait.java:208)
... 36 more
... Removed 35 stack frames]]>
    </failure>
  </testcase> <!-- testAddToCart -->
  <testcase name="testProductPageOpens" time="11.736" classname="com.rozetka.tests.ProductTest">
    <failure type="org.openqa.selenium.TimeoutException" message="Expected condition failed: waiting for visibility of Proxy element for: DefaultElementLocator &amp;apos;By.cssSelector: a.goods-tile__picture:first-child&amp;apos; (tried for 10 second(s) with 500 milliseconds interval)">
      <![CDATA[org.openqa.selenium.TimeoutException: Expected condition failed: waiting for visibility of Proxy element for: DefaultElementLocator 'By.cssSelector: a.goods-tile__picture:first-child' (tried for 10 second(s) with 500 milliseconds interval)
at org.openqa.selenium.support.ui.WebDriverWait.timeoutException(WebDriverWait.java:87)
at org.openqa.selenium.support.ui.FluentWait.until(FluentWait.java:231)
at com.rozetka.pages.BasePage.waitForVisibility(BasePage.java:21)
at com.rozetka.pages.BasePage.click(BasePage.java:25)
at com.rozetka.pages.SearchResultsPage.openFirstProduct(SearchResultsPage.java:40)
at com.rozetka.tests.ProductTest.testProductPageOpens(ProductTest.java:19)
at java.util.ArrayList.forEach(ArrayList.java:1257)
Caused by: org.openqa.selenium.NoSuchElementException: Unable to locate element: a.goods-tile__picture:first-child
For documentation on this error, please visit: https://selenium.dev/exceptions/#no_such_element
Build info: version: '4.1.4', revision: '535d840ee2'
System info: host: 'EXJUSTICE', ip: '192.168.0.102', os.name: 'Windows 10', os.arch: 'amd64', os.version: '10.0', java.version: '1.8.0_202'
Driver info: org.openqa.selenium.firefox.FirefoxDriver
Command: [c4af70b2-952f-4710-bb24-c446a3ec9dc2, findElement {using=css selector, value=a.goods-tile__picture:first-child}]
Capabilities {acceptInsecureCerts: true, browserName: firefox, browserVersion: 140.0, javascriptEnabled: true, moz:accessibilityChecks: false, moz:buildID: 20250530091050, moz:geckodriverVersion: 0.36.0, moz:headless: false, moz:platformVersion: 10.0, moz:processID: 61900, moz:profile: C:\Users\andre\AppData\Loca..., moz:shutdownTimeout: 60000, moz:webdriverClick: true, moz:windowless: false, pageLoadStrategy: normal, platform: WINDOWS, platformName: WINDOWS, proxy: Proxy(), setWindowRect: true, strictFileInteractability: false, timeouts: {implicit: 0, pageLoad: 300000, script: 30000}, unhandledPromptBehavior: dismiss and notify, userAgent: Mozilla/5.0 (Windows NT 10....}
Session ID: c4af70b2-952f-4710-bb24-c446a3ec9dc2
at org.openqa.selenium.remote.codec.w3c.W3CHttpResponseCodec.createException(W3CHttpResponseCodec.java:200)
at org.openqa.selenium.remote.codec.w3c.W3CHttpResponseCodec.decode(W3CHttpResponseCodec.java:133)
at org.openqa.selenium.remote.codec.w3c.W3CHttpResponseCodec.decode(W3CHttpResponseCodec.java:53)
at org.openqa.selenium.remote.HttpCommandExecutor.execute(HttpCommandExecutor.java:184)
at org.openqa.selenium.remote.service.DriverCommandExecutor.invokeExecute(DriverCommandExecutor.java:167)
at org.openqa.selenium.remote.service.DriverCommandExecutor.execute(DriverCommandExecutor.java:142)
at org.openqa.selenium.remote.RemoteWebDriver.execute(RemoteWebDriver.java:567)
at org.openqa.selenium.remote.ElementLocation$ElementFinder$2.findElement(ElementLocation.java:162)
at org.openqa.selenium.remote.ElementLocation.findElement(ElementLocation.java:60)
at org.openqa.selenium.remote.RemoteWebDriver.findElement(RemoteWebDriver.java:385)
at org.openqa.selenium.remote.RemoteWebDriver.findElement(RemoteWebDriver.java:377)
at org.openqa.selenium.support.pagefactory.DefaultElementLocator.findElement(DefaultElementLocator.java:70)
at org.openqa.selenium.support.pagefactory.internal.LocatingElementHandler.invoke(LocatingElementHandler.java:39)
at com.sun.proxy.$Proxy12.isDisplayed(Unknown Source)
at org.openqa.selenium.support.ui.ExpectedConditions.elementIfVisible(ExpectedConditions.java:307)
at org.openqa.selenium.support.ui.ExpectedConditions.access$000(ExpectedConditions.java:40)
at org.openqa.selenium.support.ui.ExpectedConditions$10.apply(ExpectedConditions.java:293)
at org.openqa.selenium.support.ui.ExpectedConditions$10.apply(ExpectedConditions.java:290)
at org.openqa.selenium.support.ui.FluentWait.until(FluentWait.java:208)
... 36 more
... Removed 34 stack frames]]>
    </failure>
  </testcase> <!-- testProductPageOpens -->
  <testcase name="testCartTotalCalculation" time="12.367" classname="com.rozetka.tests.CartTest">
    <failure type="org.openqa.selenium.TimeoutException" message="Expected condition failed: waiting for visibility of Proxy element for: DefaultElementLocator &amp;apos;By.cssSelector: a.goods-tile__picture:first-child&amp;apos; (tried for 10 second(s) with 500 milliseconds interval)">
      <![CDATA[org.openqa.selenium.TimeoutException: Expected condition failed: waiting for visibility of Proxy element for: DefaultElementLocator 'By.cssSelector: a.goods-tile__picture:first-child' (tried for 10 second(s) with 500 milliseconds interval)
at org.openqa.selenium.support.ui.WebDriverWait.timeoutException(WebDriverWait.java:87)
at org.openqa.selenium.support.ui.FluentWait.until(FluentWait.java:231)
at com.rozetka.pages.BasePage.waitForVisibility(BasePage.java:21)
at com.rozetka.pages.BasePage.click(BasePage.java:25)
at com.rozetka.pages.SearchResultsPage.openFirstProduct(SearchResultsPage.java:40)
at com.rozetka.tests.CartTest.testCartTotalCalculation(CartTest.java:37)
at java.util.ArrayList.forEach(ArrayList.java:1257)
Caused by: org.openqa.selenium.NoSuchElementException: Unable to locate element: a.goods-tile__picture:first-child
For documentation on this error, please visit: https://selenium.dev/exceptions/#no_such_element
Build info: version: '4.1.4', revision: '535d840ee2'
System info: host: 'EXJUSTICE', ip: '192.168.0.102', os.name: 'Windows 10', os.arch: 'amd64', os.version: '10.0', java.version: '1.8.0_202'
Driver info: org.openqa.selenium.firefox.FirefoxDriver
Command: [8fe9a10f-a6b5-473b-86d8-6fb9cdd055db, findElement {using=css selector, value=a.goods-tile__picture:first-child}]
Capabilities {acceptInsecureCerts: true, browserName: firefox, browserVersion: 140.0, javascriptEnabled: true, moz:accessibilityChecks: false, moz:buildID: 20250530091050, moz:geckodriverVersion: 0.36.0, moz:headless: false, moz:platformVersion: 10.0, moz:processID: 62948, moz:profile: C:\Users\andre\AppData\Loca..., moz:shutdownTimeout: 60000, moz:webdriverClick: true, moz:windowless: false, pageLoadStrategy: normal, platform: WINDOWS, platformName: WINDOWS, proxy: Proxy(), setWindowRect: true, strictFileInteractability: false, timeouts: {implicit: 0, pageLoad: 300000, script: 30000}, unhandledPromptBehavior: dismiss and notify, userAgent: Mozilla/5.0 (Windows NT 10....}
Session ID: 8fe9a10f-a6b5-473b-86d8-6fb9cdd055db
at org.openqa.selenium.remote.codec.w3c.W3CHttpResponseCodec.createException(W3CHttpResponseCodec.java:200)
at org.openqa.selenium.remote.codec.w3c.W3CHttpResponseCodec.decode(W3CHttpResponseCodec.java:133)
at org.openqa.selenium.remote.codec.w3c.W3CHttpResponseCodec.decode(W3CHttpResponseCodec.java:53)
at org.openqa.selenium.remote.HttpCommandExecutor.execute(HttpCommandExecutor.java:184)
at org.openqa.selenium.remote.service.DriverCommandExecutor.invokeExecute(DriverCommandExecutor.java:167)
at org.openqa.selenium.remote.service.DriverCommandExecutor.execute(DriverCommandExecutor.java:142)
at org.openqa.selenium.remote.RemoteWebDriver.execute(RemoteWebDriver.java:567)
at org.openqa.selenium.remote.ElementLocation$ElementFinder$2.findElement(ElementLocation.java:162)
at org.openqa.selenium.remote.ElementLocation.findElement(ElementLocation.java:60)
at org.openqa.selenium.remote.RemoteWebDriver.findElement(RemoteWebDriver.java:385)
at org.openqa.selenium.remote.RemoteWebDriver.findElement(RemoteWebDriver.java:377)
at org.openqa.selenium.support.pagefactory.DefaultElementLocator.findElement(DefaultElementLocator.java:70)
at org.openqa.selenium.support.pagefactory.internal.LocatingElementHandler.invoke(LocatingElementHandler.java:39)
at com.sun.proxy.$Proxy12.isDisplayed(Unknown Source)
at org.openqa.selenium.support.ui.ExpectedConditions.elementIfVisible(ExpectedConditions.java:307)
at org.openqa.selenium.support.ui.ExpectedConditions.access$000(ExpectedConditions.java:40)
at org.openqa.selenium.support.ui.ExpectedConditions$10.apply(ExpectedConditions.java:293)
at org.openqa.selenium.support.ui.ExpectedConditions$10.apply(ExpectedConditions.java:290)
at org.openqa.selenium.support.ui.FluentWait.until(FluentWait.java:208)
... 36 more
... Removed 34 stack frames]]>
    </failure>
  </testcase> <!-- testCartTotalCalculation -->
  <testcase name="testProductAddedToCart" time="0.058" classname="com.rozetka.tests.CartTest">
    <failure type="org.openqa.selenium.ElementClickInterceptedException" message="Element &amp;lt;button class=&amp;quot;button button_color_green button_size_medium search-form__submit&amp;quot;&amp;gt; is not clickable at point (1029,64) because another element &amp;lt;iframe src=&amp;quot;https://accounts.google.com/gsi/iframe/select?client_id=5458514456-8gm2oc3quosun7cj5p56nmiurcv7npjn.apps.googleusercontent.com&amp;amp;ux_mode=popup&amp;amp;ui_mode=card&amp;amp;as=jueHmju1kAAgZ0v4uXIf1EvEd-wKykdN1_5cwO01aGk&amp;amp;is_itp=true&amp;amp;channel_id=dc1edb3cd93edc9f19094ff75365f7c98753dfd0e54db5a40734d16a9b16a8ee&amp;amp;origin=https%3A%2F%2Frozetka.com.ua&amp;amp;oauth2_auth_url=https%3A%2F%2Faccounts.google.com%2Fo%2Foauth2%2Fv2%2Fauth&amp;quot;&amp;gt; obscures it
Build info: version: &amp;apos;4.1.4&amp;apos;, revision: &amp;apos;535d840ee2&amp;apos;
System info: host: &amp;apos;EXJUSTICE&amp;apos;, ip: &amp;apos;192.168.0.102&amp;apos;, os.name: &amp;apos;Windows 10&amp;apos;, os.arch: &amp;apos;amd64&amp;apos;, os.version: &amp;apos;10.0&amp;apos;, java.version: &amp;apos;1.8.0_202&amp;apos;
Driver info: org.openqa.selenium.firefox.FirefoxDriver
Command: [8fe9a10f-a6b5-473b-86d8-6fb9cdd055db, clickElement {id=019ffb5c-4659-4fce-986b-9352ca2c135b}]
Capabilities {acceptInsecureCerts: true, browserName: firefox, browserVersion: 140.0, javascriptEnabled: true, moz:accessibilityChecks: false, moz:buildID: 20250530091050, moz:geckodriverVersion: 0.36.0, moz:headless: false, moz:platformVersion: 10.0, moz:processID: 62948, moz:profile: C:\Users\andre\AppData\Loca..., moz:shutdownTimeout: 60000, moz:webdriverClick: true, moz:windowless: false, pageLoadStrategy: normal, platform: WINDOWS, platformName: WINDOWS, proxy: Proxy(), setWindowRect: true, strictFileInteractability: false, timeouts: {implicit: 0, pageLoad: 300000, script: 30000}, unhandledPromptBehavior: dismiss and notify, userAgent: Mozilla/5.0 (Windows NT 10....}
Element: [[FirefoxDriver: firefox on WINDOWS (8fe9a10f-a6b5-473b-86d8-6fb9cdd055db)] -&amp;gt; css selector: button.search-form__submit]
Session ID: 8fe9a10f-a6b5-473b-86d8-6fb9cdd055db">
      <![CDATA[org.openqa.selenium.ElementClickInterceptedException: Element <button class="button button_color_green button_size_medium search-form__submit"> is not clickable at point (1029,64) because another element <iframe src="https://accounts.google.com/gsi/iframe/select?client_id=5458514456-8gm2oc3quosun7cj5p56nmiurcv7npjn.apps.googleusercontent.com&ux_mode=popup&ui_mode=card&as=jueHmju1kAAgZ0v4uXIf1EvEd-wKykdN1_5cwO01aGk&is_itp=true&channel_id=dc1edb3cd93edc9f19094ff75365f7c98753dfd0e54db5a40734d16a9b16a8ee&origin=https%3A%2F%2Frozetka.com.ua&oauth2_auth_url=https%3A%2F%2Faccounts.google.com%2Fo%2Foauth2%2Fv2%2Fauth"> obscures it
Build info: version: '4.1.4', revision: '535d840ee2'
System info: host: 'EXJUSTICE', ip: '192.168.0.102', os.name: 'Windows 10', os.arch: 'amd64', os.version: '10.0', java.version: '1.8.0_202'
Driver info: org.openqa.selenium.firefox.FirefoxDriver
Command: [8fe9a10f-a6b5-473b-86d8-6fb9cdd055db, clickElement {id=019ffb5c-4659-4fce-986b-9352ca2c135b}]
Capabilities {acceptInsecureCerts: true, browserName: firefox, browserVersion: 140.0, javascriptEnabled: true, moz:accessibilityChecks: false, moz:buildID: 20250530091050, moz:geckodriverVersion: 0.36.0, moz:headless: false, moz:platformVersion: 10.0, moz:processID: 62948, moz:profile: C:\Users\andre\AppData\Loca..., moz:shutdownTimeout: 60000, moz:webdriverClick: true, moz:windowless: false, pageLoadStrategy: normal, platform: WINDOWS, platformName: WINDOWS, proxy: Proxy(), setWindowRect: true, strictFileInteractability: false, timeouts: {implicit: 0, pageLoad: 300000, script: 30000}, unhandledPromptBehavior: dismiss and notify, userAgent: Mozilla/5.0 (Windows NT 10....}
Element: [[FirefoxDriver: firefox on WINDOWS (8fe9a10f-a6b5-473b-86d8-6fb9cdd055db)] -> css selector: button.search-form__submit]
Session ID: 8fe9a10f-a6b5-473b-86d8-6fb9cdd055db
at org.openqa.selenium.remote.codec.w3c.W3CHttpResponseCodec.createException(W3CHttpResponseCodec.java:200)
at org.openqa.selenium.remote.codec.w3c.W3CHttpResponseCodec.decode(W3CHttpResponseCodec.java:133)
at org.openqa.selenium.remote.codec.w3c.W3CHttpResponseCodec.decode(W3CHttpResponseCodec.java:53)
at org.openqa.selenium.remote.HttpCommandExecutor.execute(HttpCommandExecutor.java:184)
at org.openqa.selenium.remote.service.DriverCommandExecutor.invokeExecute(DriverCommandExecutor.java:167)
at org.openqa.selenium.remote.service.DriverCommandExecutor.execute(DriverCommandExecutor.java:142)
at org.openqa.selenium.remote.RemoteWebDriver.execute(RemoteWebDriver.java:567)
at org.openqa.selenium.remote.RemoteWebElement.execute(RemoteWebElement.java:251)
at org.openqa.selenium.remote.RemoteWebElement.click(RemoteWebElement.java:77)
at org.openqa.selenium.support.pagefactory.internal.LocatingElementHandler.invoke(LocatingElementHandler.java:52)
at com.sun.proxy.$Proxy12.click(Unknown Source)
at com.rozetka.pages.BasePage.click(BasePage.java:26)
at com.rozetka.pages.HomePage.searchForProduct(HomePage.java:29)
at com.rozetka.tests.CartTest.testProductAddedToCart(CartTest.java:14)
at java.util.ArrayList.forEach(ArrayList.java:1257)
... Removed 39 stack frames]]>
    </failure>
  </testcase> <!-- testProductAddedToCart -->
</testsuite> <!-- Rozetka Tests -->
